Build started 15. 4. 2012 23:06:36.
     1>Project "C:\Vix\Programovanie\SDL\Ping Pong\Ping Pong\Ping Pong.vcxproj" on node 2 (build target(s)).
     1>InitializeBuildStatus:
         Creating "Debug\Ping Pong.unsuccessfulbuild" because "AlwaysCreate" was specified.
       ClCompile:
         c:\Program Files (x86)\Microsoft Visual Studio 10.0\VC\bin\CL.exe /c /ZI /nologo /W3 /WX- /Od /Oy- /D _MBCS /Gm /EHsc /RTC1 /MD /GS /fp:precise /Zc:wchar_t /Zc:forScope /Fo"Debug\\" /Fd"Debug\vc100.pdb" /Gd /TP /analyze- /errorReport:prompt main.cpp
         main.cpp
       Link:
         c:\Program Files (x86)\Microsoft Visual Studio 10.0\VC\bin\link.exe /ERRORREPORT:PROMPT /OUT:"C:\Vix\Programovanie\SDL\Ping Pong\Debug\Ping Pong.exe" /NOLOGO SDL.lib SDLmain.lib SDL_image.lib SDL_ttf.lib kernel32.lib user32.lib gdi32.lib winspool.lib comdlg32.lib advapi32.lib shell32.lib ole32.lib oleaut32.lib uuid.lib odbc32.lib odbccp32.lib /MANIFEST /ManifestFile:"Debug\Ping Pong.exe.intermediate.manifest" /MANIFESTUAC:"level='asInvoker' uiAccess='false'" /DEBUG /PDB:"C:\Vix\Programovanie\SDL\Ping Pong\Debug\Ping Pong.pdb" /SUBSYSTEM:WINDOWS /TLBID:1 /DYNAMICBASE /NXCOMPAT /IMPLIB:"C:\Vix\Programovanie\SDL\Ping Pong\Debug\Ping Pong.lib" /MACHINE:X86 Debug\functions.obj
         Debug\main.obj
         LINK : C:\Vix\Programovanie\SDL\Ping Pong\Debug\Ping Pong.exe not found or not built by the last incremental link; performing full link
         Ping Pong.vcxproj -> C:\Vix\Programovanie\SDL\Ping Pong\Debug\Ping Pong.exe
       Manifest:
         C:\Program Files (x86)\Microsoft SDKs\Windows\v7.0A\bin\mt.exe /nologo /verbose /outputresource:"C:\Vix\Programovanie\SDL\Ping Pong\Debug\Ping Pong.exe;#1" /manifest "Debug\Ping Pong.exe.intermediate.manifest"
       FinalizeBuildStatus:
         Deleting file "Debug\Ping Pong.unsuccessfulbuild".
         Touching "Debug\Ping Pong.lastbuildstate".
     1>Done Building Project "C:\Vix\Programovanie\SDL\Ping Pong\Ping Pong\Ping Pong.vcxproj" (build target(s)).

Build succeeded.

Time Elapsed 00:00:00.60
